{"/Users/jithinkr/workspace/interview/custom_npm/zod-fetch/src/client.ts": {"path":"/Users/jithinkr/workspace/interview/custom_npm/zod-fetch/src/client.ts","all":false,"statementMap":{"0":{"start":{"line":1,"column":0},"end":{"line":1,"column":29}},"16":{"start":{"line":17,"column":0},"end":{"line":17,"column":89}},"17":{"start":{"line":18,"column":0},"end":{"line":18,"column":47}},"19":{"start":{"line":20,"column":0},"end":{"line":20,"column":47}},"20":{"start":{"line":21,"column":0},"end":{"line":21,"column":54}},"21":{"start":{"line":22,"column":0},"end":{"line":22,"column":49}},"23":{"start":{"line":24,"column":0},"end":{"line":24,"column":73}},"24":{"start":{"line":25,"column":0},"end":{"line":25,"column":66}},"25":{"start":{"line":26,"column":0},"end":{"line":26,"column":36}},"26":{"start":{"line":27,"column":0},"end":{"line":27,"column":9}},"27":{"start":{"line":28,"column":0},"end":{"line":28,"column":19}},"28":{"start":{"line":29,"column":0},"end":{"line":29,"column":6}},"30":{"start":{"line":31,"column":0},"end":{"line":31,"column":135}},"31":{"start":{"line":32,"column":0},"end":{"line":32,"column":66}},"32":{"start":{"line":33,"column":0},"end":{"line":33,"column":60}},"35":{"start":{"line":36,"column":0},"end":{"line":36,"column":49}},"36":{"start":{"line":37,"column":0},"end":{"line":37,"column":25}},"37":{"start":{"line":38,"column":0},"end":{"line":38,"column":46}},"38":{"start":{"line":39,"column":0},"end":{"line":39,"column":51}},"39":{"start":{"line":40,"column":0},"end":{"line":40,"column":9}},"41":{"start":{"line":42,"column":0},"end":{"line":42,"column":16}},"42":{"start":{"line":43,"column":0},"end":{"line":43,"column":24}},"43":{"start":{"line":44,"column":0},"end":{"line":44,"column":23}},"44":{"start":{"line":45,"column":0},"end":{"line":45,"column":20}},"45":{"start":{"line":46,"column":0},"end":{"line":46,"column":10}},"46":{"start":{"line":47,"column":0},"end":{"line":47,"column":6}},"48":{"start":{"line":49,"column":0},"end":{"line":49,"column":12}},"49":{"start":{"line":50,"column":0},"end":{"line":50,"column":38}},"50":{"start":{"line":51,"column":0},"end":{"line":51,"column":94}},"51":{"start":{"line":52,"column":0},"end":{"line":52,"column":39}},"52":{"start":{"line":53,"column":0},"end":{"line":53,"column":95}},"53":{"start":{"line":54,"column":0},"end":{"line":54,"column":38}},"54":{"start":{"line":55,"column":0},"end":{"line":55,"column":94}},"55":{"start":{"line":56,"column":0},"end":{"line":56,"column":40}},"56":{"start":{"line":57,"column":0},"end":{"line":57,"column":96}},"57":{"start":{"line":58,"column":0},"end":{"line":58,"column":41}},"58":{"start":{"line":59,"column":0},"end":{"line":59,"column":97}},"59":{"start":{"line":60,"column":0},"end":{"line":60,"column":27}},"60":{"start":{"line":61,"column":0},"end":{"line":61,"column":91}},"61":{"start":{"line":62,"column":0},"end":{"line":62,"column":6}},"62":{"start":{"line":63,"column":0},"end":{"line":63,"column":1}}},"s":{"0":1,"16":1,"17":1,"19":1,"20":1,"21":1,"23":1,"24":1,"25":1,"26":1,"27":0,"28":1,"30":1,"31":1,"32":1,"35":1,"36":1,"37":0,"38":0,"39":0,"41":1,"42":1,"43":1,"44":1,"45":1,"46":1,"48":1,"49":1,"50":0,"51":1,"52":1,"53":1,"54":0,"55":1,"56":0,"57":1,"58":0,"59":1,"60":0,"61":1,"62":1},"branchMap":{"0":{"type":"branch","line":17,"loc":{"start":{"line":17,"column":7},"end":{"line":63,"column":1}},"locations":[{"start":{"line":17,"column":7},"end":{"line":63,"column":1}}]},"1":{"type":"branch","line":20,"loc":{"start":{"line":20,"column":23},"end":{"line":29,"column":6}},"locations":[{"start":{"line":20,"column":23},"end":{"line":29,"column":6}}]},"2":{"type":"branch","line":21,"loc":{"start":{"line":21,"column":32},"end":{"line":21,"column":54}},"locations":[{"start":{"line":21,"column":32},"end":{"line":21,"column":54}}]},"3":{"type":"branch","line":24,"loc":{"start":{"line":24,"column":45},"end":{"line":24,"column":59}},"locations":[{"start":{"line":24,"column":45},"end":{"line":24,"column":59}}]},"4":{"type":"branch","line":25,"loc":{"start":{"line":25,"column":58},"end":{"line":25,"column":66}},"locations":[{"start":{"line":25,"column":58},"end":{"line":25,"column":66}}]},"5":{"type":"branch","line":27,"loc":{"start":{"line":27,"column":8},"end":{"line":28,"column":19}},"locations":[{"start":{"line":27,"column":8},"end":{"line":28,"column":19}}]},"6":{"type":"branch","line":31,"loc":{"start":{"line":31,"column":25},"end":{"line":47,"column":6}},"locations":[{"start":{"line":31,"column":25},"end":{"line":47,"column":6}}]},"7":{"type":"branch","line":37,"loc":{"start":{"line":37,"column":24},"end":{"line":40,"column":9}},"locations":[{"start":{"line":37,"column":24},"end":{"line":40,"column":9}}]},"8":{"type":"branch","line":52,"loc":{"start":{"line":52,"column":14},"end":{"line":53,"column":95}},"locations":[{"start":{"line":52,"column":14},"end":{"line":53,"column":95}}]}},"b":{"0":[1],"1":[1],"2":[0],"3":[0],"4":[0],"5":[0],"6":[1],"7":[0],"8":[1]},"fnMap":{"0":{"name":"createZodFetchClient","decl":{"start":{"line":17,"column":7},"end":{"line":63,"column":1}},"loc":{"start":{"line":17,"column":7},"end":{"line":63,"column":1}},"line":17},"1":{"name":"resolveUrl","decl":{"start":{"line":20,"column":23},"end":{"line":29,"column":6}},"loc":{"start":{"line":20,"column":23},"end":{"line":29,"column":6}},"line":20},"2":{"name":"mergeOptions","decl":{"start":{"line":31,"column":25},"end":{"line":47,"column":6}},"loc":{"start":{"line":31,"column":25},"end":{"line":47,"column":6}},"line":31},"3":{"name":"get","decl":{"start":{"line":50,"column":13},"end":{"line":51,"column":94}},"loc":{"start":{"line":50,"column":13},"end":{"line":51,"column":94}},"line":50},"4":{"name":"post","decl":{"start":{"line":52,"column":14},"end":{"line":53,"column":95}},"loc":{"start":{"line":52,"column":14},"end":{"line":53,"column":95}},"line":52},"5":{"name":"put","decl":{"start":{"line":54,"column":13},"end":{"line":55,"column":94}},"loc":{"start":{"line":54,"column":13},"end":{"line":55,"column":94}},"line":54},"6":{"name":"patch","decl":{"start":{"line":56,"column":15},"end":{"line":57,"column":96}},"loc":{"start":{"line":56,"column":15},"end":{"line":57,"column":96}},"line":56},"7":{"name":"delete","decl":{"start":{"line":58,"column":16},"end":{"line":59,"column":97}},"loc":{"start":{"line":58,"column":16},"end":{"line":59,"column":97}},"line":58},"8":{"name":"fetch","decl":{"start":{"line":60,"column":15},"end":{"line":61,"column":91}},"loc":{"start":{"line":60,"column":15},"end":{"line":61,"column":91}},"line":60}},"f":{"0":1,"1":1,"2":1,"3":0,"4":1,"5":0,"6":0,"7":0,"8":0}}
,"/Users/jithinkr/workspace/interview/custom_npm/zod-fetch/src/core.ts": {"path":"/Users/jithinkr/workspace/interview/custom_npm/zod-fetch/src/core.ts","all":false,"statementMap":{"0":{"start":{"line":1,"column":0},"end":{"line":1,"column":29}},"18":{"start":{"line":19,"column":0},"end":{"line":19,"column":31}},"20":{"start":{"line":21,"column":0},"end":{"line":21,"column":33}},"21":{"start":{"line":22,"column":0},"end":{"line":22,"column":61}},"22":{"start":{"line":23,"column":0},"end":{"line":23,"column":1}},"24":{"start":{"line":25,"column":0},"end":{"line":25,"column":103}},"25":{"start":{"line":26,"column":0},"end":{"line":26,"column":46}},"26":{"start":{"line":27,"column":0},"end":{"line":27,"column":12}},"27":{"start":{"line":28,"column":0},"end":{"line":28,"column":39}},"28":{"start":{"line":29,"column":0},"end":{"line":29,"column":38}},"29":{"start":{"line":30,"column":0},"end":{"line":30,"column":42}},"30":{"start":{"line":31,"column":0},"end":{"line":31,"column":49}},"31":{"start":{"line":32,"column":0},"end":{"line":32,"column":45}},"32":{"start":{"line":33,"column":0},"end":{"line":33,"column":11}},"33":{"start":{"line":34,"column":0},"end":{"line":34,"column":47}},"34":{"start":{"line":35,"column":0},"end":{"line":35,"column":64}},"35":{"start":{"line":36,"column":0},"end":{"line":36,"column":13}},"36":{"start":{"line":37,"column":0},"end":{"line":37,"column":40}},"37":{"start":{"line":38,"column":0},"end":{"line":38,"column":9}},"38":{"start":{"line":39,"column":0},"end":{"line":39,"column":32}},"39":{"start":{"line":40,"column":0},"end":{"line":40,"column":5}},"40":{"start":{"line":41,"column":0},"end":{"line":41,"column":16}},"41":{"start":{"line":42,"column":0},"end":{"line":42,"column":1}},"43":{"start":{"line":44,"column":0},"end":{"line":44,"column":74}},"44":{"start":{"line":45,"column":0},"end":{"line":45,"column":11}},"45":{"start":{"line":46,"column":0},"end":{"line":46,"column":12}},"46":{"start":{"line":47,"column":0},"end":{"line":47,"column":15}},"47":{"start":{"line":48,"column":0},"end":{"line":48,"column":21}},"48":{"start":{"line":49,"column":0},"end":{"line":49,"column":13}},"49":{"start":{"line":50,"column":0},"end":{"line":50,"column":34}},"50":{"start":{"line":51,"column":0},"end":{"line":51,"column":14}},"51":{"start":{"line":52,"column":0},"end":{"line":52,"column":29}},"52":{"start":{"line":53,"column":0},"end":{"line":53,"column":15}},"53":{"start":{"line":54,"column":0},"end":{"line":54,"column":16}},"55":{"start":{"line":56,"column":0},"end":{"line":56,"column":45}},"56":{"start":{"line":57,"column":0},"end":{"line":57,"column":53}},"59":{"start":{"line":60,"column":0},"end":{"line":60,"column":47}},"60":{"start":{"line":61,"column":0},"end":{"line":61,"column":23}},"61":{"start":{"line":62,"column":0},"end":{"line":62,"column":66}},"62":{"start":{"line":63,"column":0},"end":{"line":63,"column":38}},"63":{"start":{"line":64,"column":0},"end":{"line":64,"column":67}},"64":{"start":{"line":65,"column":0},"end":{"line":65,"column":13}},"65":{"start":{"line":66,"column":0},"end":{"line":66,"column":9}},"66":{"start":{"line":67,"column":0},"end":{"line":67,"column":5}},"69":{"start":{"line":70,"column":0},"end":{"line":70,"column":45}},"70":{"start":{"line":71,"column":0},"end":{"line":71,"column":33}},"71":{"start":{"line":72,"column":0},"end":{"line":72,"column":65}},"72":{"start":{"line":73,"column":0},"end":{"line":73,"column":68}},"74":{"start":{"line":75,"column":0},"end":{"line":75,"column":20}},"75":{"start":{"line":76,"column":0},"end":{"line":76,"column":18}},"76":{"start":{"line":77,"column":0},"end":{"line":77,"column":18}},"77":{"start":{"line":78,"column":0},"end":{"line":78,"column":49}},"78":{"start":{"line":79,"column":0},"end":{"line":79,"column":72}},"81":{"start":{"line":82,"column":0},"end":{"line":82,"column":26}},"82":{"start":{"line":83,"column":0},"end":{"line":83,"column":76}},"83":{"start":{"line":84,"column":0},"end":{"line":84,"column":9}},"85":{"start":{"line":86,"column":0},"end":{"line":86,"column":13}},"86":{"start":{"line":87,"column":0},"end":{"line":87,"column":65}},"87":{"start":{"line":88,"column":0},"end":{"line":88,"column":24}},"88":{"start":{"line":89,"column":0},"end":{"line":89,"column":24}},"89":{"start":{"line":90,"column":0},"end":{"line":90,"column":34}},"90":{"start":{"line":91,"column":0},"end":{"line":91,"column":42}},"91":{"start":{"line":92,"column":0},"end":{"line":92,"column":15}},"93":{"start":{"line":94,"column":0},"end":{"line":94,"column":36}},"95":{"start":{"line":96,"column":0},"end":{"line":96,"column":31}},"97":{"start":{"line":98,"column":0},"end":{"line":98,"column":39}},"98":{"start":{"line":99,"column":0},"end":{"line":99,"column":21}},"99":{"start":{"line":100,"column":0},"end":{"line":100,"column":55}},"100":{"start":{"line":101,"column":0},"end":{"line":101,"column":25}},"101":{"start":{"line":102,"column":0},"end":{"line":102,"column":53}},"102":{"start":{"line":103,"column":0},"end":{"line":103,"column":29}},"103":{"start":{"line":104,"column":0},"end":{"line":104,"column":41}},"104":{"start":{"line":105,"column":0},"end":{"line":105,"column":21}},"105":{"start":{"line":106,"column":0},"end":{"line":106,"column":25}},"107":{"start":{"line":108,"column":0},"end":{"line":108,"column":17}},"109":{"start":{"line":110,"column":0},"end":{"line":110,"column":41}},"110":{"start":{"line":111,"column":0},"end":{"line":111,"column":77}},"111":{"start":{"line":112,"column":0},"end":{"line":112,"column":44}},"112":{"start":{"line":113,"column":0},"end":{"line":113,"column":52}},"113":{"start":{"line":114,"column":0},"end":{"line":114,"column":47}},"114":{"start":{"line":115,"column":0},"end":{"line":115,"column":29}},"115":{"start":{"line":116,"column":0},"end":{"line":116,"column":36}},"116":{"start":{"line":117,"column":0},"end":{"line":117,"column":37}},"117":{"start":{"line":118,"column":0},"end":{"line":118,"column":19}},"118":{"start":{"line":119,"column":0},"end":{"line":119,"column":13}},"121":{"start":{"line":122,"column":0},"end":{"line":122,"column":30}},"122":{"start":{"line":123,"column":0},"end":{"line":123,"column":69}},"123":{"start":{"line":124,"column":0},"end":{"line":124,"column":74}},"124":{"start":{"line":125,"column":0},"end":{"line":125,"column":45}},"125":{"start":{"line":126,"column":0},"end":{"line":126,"column":20}},"126":{"start":{"line":127,"column":0},"end":{"line":127,"column":51}},"127":{"start":{"line":128,"column":0},"end":{"line":128,"column":21}},"128":{"start":{"line":129,"column":0},"end":{"line":129,"column":44}},"129":{"start":{"line":130,"column":0},"end":{"line":130,"column":25}},"130":{"start":{"line":131,"column":0},"end":{"line":131,"column":32}},"131":{"start":{"line":132,"column":0},"end":{"line":132,"column":17}},"132":{"start":{"line":133,"column":0},"end":{"line":133,"column":13}},"135":{"start":{"line":136,"column":0},"end":{"line":136,"column":61}},"137":{"start":{"line":138,"column":0},"end":{"line":138,"column":34}},"138":{"start":{"line":139,"column":0},"end":{"line":139,"column":41}},"139":{"start":{"line":140,"column":0},"end":{"line":140,"column":48}},"140":{"start":{"line":141,"column":0},"end":{"line":141,"column":47}},"141":{"start":{"line":142,"column":0},"end":{"line":142,"column":29}},"142":{"start":{"line":143,"column":0},"end":{"line":143,"column":48}},"143":{"start":{"line":144,"column":0},"end":{"line":144,"column":25}},"144":{"start":{"line":145,"column":0},"end":{"line":145,"column":40}},"145":{"start":{"line":146,"column":0},"end":{"line":146,"column":19}},"146":{"start":{"line":147,"column":0},"end":{"line":147,"column":13}},"148":{"start":{"line":149,"column":0},"end":{"line":149,"column":31}},"150":{"start":{"line":151,"column":0},"end":{"line":151,"column":25}},"151":{"start":{"line":152,"column":0},"end":{"line":152,"column":36}},"153":{"start":{"line":154,"column":0},"end":{"line":154,"column":82}},"154":{"start":{"line":155,"column":0},"end":{"line":155,"column":103}},"157":{"start":{"line":158,"column":0},"end":{"line":158,"column":39}},"158":{"start":{"line":159,"column":0},"end":{"line":159,"column":41}},"159":{"start":{"line":160,"column":0},"end":{"line":160,"column":47}},"160":{"start":{"line":161,"column":0},"end":{"line":161,"column":47}},"161":{"start":{"line":162,"column":0},"end":{"line":162,"column":35}},"162":{"start":{"line":163,"column":0},"end":{"line":163,"column":19}},"163":{"start":{"line":164,"column":0},"end":{"line":164,"column":13}},"166":{"start":{"line":167,"column":0},"end":{"line":167,"column":68}},"167":{"start":{"line":168,"column":0},"end":{"line":168,"column":28}},"168":{"start":{"line":169,"column":0},"end":{"line":169,"column":103}},"169":{"start":{"line":170,"column":0},"end":{"line":170,"column":103}},"172":{"start":{"line":173,"column":0},"end":{"line":173,"column":30}},"173":{"start":{"line":174,"column":0},"end":{"line":174,"column":56}},"174":{"start":{"line":175,"column":0},"end":{"line":175,"column":101}},"175":{"start":{"line":176,"column":0},"end":{"line":176,"column":44}},"176":{"start":{"line":177,"column":0},"end":{"line":177,"column":25}},"177":{"start":{"line":178,"column":0},"end":{"line":178,"column":13}},"179":{"start":{"line":180,"column":0},"end":{"line":180,"column":49}},"180":{"start":{"line":181,"column":0},"end":{"line":181,"column":28}},"181":{"start":{"line":182,"column":0},"end":{"line":182,"column":13}},"184":{"start":{"line":185,"column":0},"end":{"line":185,"column":28}},"185":{"start":{"line":186,"column":0},"end":{"line":186,"column":41}},"186":{"start":{"line":187,"column":0},"end":{"line":187,"column":49}},"187":{"start":{"line":188,"column":0},"end":{"line":188,"column":47}},"188":{"start":{"line":189,"column":0},"end":{"line":189,"column":37}},"189":{"start":{"line":190,"column":0},"end":{"line":190,"column":19}},"190":{"start":{"line":191,"column":0},"end":{"line":191,"column":13}},"192":{"start":{"line":193,"column":0},"end":{"line":193,"column":37}},"193":{"start":{"line":194,"column":0},"end":{"line":194,"column":82}},"194":{"start":{"line":195,"column":0},"end":{"line":195,"column":43}},"195":{"start":{"line":196,"column":0},"end":{"line":196,"column":33}},"196":{"start":{"line":197,"column":0},"end":{"line":197,"column":28}},"197":{"start":{"line":198,"column":0},"end":{"line":198,"column":15}},"198":{"start":{"line":199,"column":0},"end":{"line":199,"column":9}},"199":{"start":{"line":200,"column":0},"end":{"line":200,"column":5}},"200":{"start":{"line":201,"column":0},"end":{"line":201,"column":1}},"209":{"start":{"line":210,"column":0},"end":{"line":210,"column":80}},"210":{"start":{"line":211,"column":0},"end":{"line":211,"column":82}},"212":{"start":{"line":213,"column":0},"end":{"line":213,"column":45}},"213":{"start":{"line":214,"column":0},"end":{"line":214,"column":53}},"215":{"start":{"line":216,"column":0},"end":{"line":216,"column":50}},"216":{"start":{"line":217,"column":0},"end":{"line":217,"column":16}},"217":{"start":{"line":218,"column":0},"end":{"line":218,"column":16}},"218":{"start":{"line":219,"column":0},"end":{"line":219,"column":25}},"219":{"start":{"line":220,"column":0},"end":{"line":220,"column":7}},"221":{"start":{"line":222,"column":0},"end":{"line":222,"column":65}},"223":{"start":{"line":224,"column":0},"end":{"line":224,"column":45}},"224":{"start":{"line":225,"column":0},"end":{"line":225,"column":38}},"226":{"start":{"line":227,"column":0},"end":{"line":227,"column":18}},"227":{"start":{"line":228,"column":0},"end":{"line":228,"column":52}},"228":{"start":{"line":229,"column":0},"end":{"line":229,"column":24}},"230":{"start":{"line":231,"column":0},"end":{"line":231,"column":62}},"236":{"start":{"line":237,"column":0},"end":{"line":237,"column":34}},"237":{"start":{"line":238,"column":0},"end":{"line":238,"column":13}},"238":{"start":{"line":239,"column":0},"end":{"line":239,"column":37}},"239":{"start":{"line":240,"column":0},"end":{"line":240,"column":49}},"241":{"start":{"line":242,"column":0},"end":{"line":242,"column":57}},"242":{"start":{"line":243,"column":0},"end":{"line":243,"column":29}},"243":{"start":{"line":244,"column":0},"end":{"line":244,"column":33}},"244":{"start":{"line":245,"column":0},"end":{"line":245,"column":9}},"245":{"start":{"line":246,"column":0},"end":{"line":246,"column":5}},"246":{"start":{"line":247,"column":0},"end":{"line":247,"column":2}},"256":{"start":{"line":257,"column":0},"end":{"line":257,"column":77}},"257":{"start":{"line":258,"column":0},"end":{"line":258,"column":63}},"259":{"start":{"line":260,"column":0},"end":{"line":260,"column":45}},"260":{"start":{"line":261,"column":0},"end":{"line":261,"column":41}},"261":{"start":{"line":262,"column":0},"end":{"line":262,"column":41}},"263":{"start":{"line":264,"column":0},"end":{"line":264,"column":22}},"264":{"start":{"line":265,"column":0},"end":{"line":265,"column":79}},"265":{"start":{"line":266,"column":0},"end":{"line":266,"column":9}},"267":{"start":{"line":268,"column":0},"end":{"line":268,"column":25}},"268":{"start":{"line":269,"column":0},"end":{"line":269,"column":48}},"269":{"start":{"line":270,"column":0},"end":{"line":270,"column":45}},"270":{"start":{"line":271,"column":0},"end":{"line":271,"column":71}},"271":{"start":{"line":272,"column":0},"end":{"line":272,"column":40}},"272":{"start":{"line":273,"column":0},"end":{"line":273,"column":17}},"273":{"start":{"line":274,"column":0},"end":{"line":274,"column":14}},"274":{"start":{"line":275,"column":0},"end":{"line":275,"column":9}},"276":{"start":{"line":277,"column":0},"end":{"line":277,"column":34}},"277":{"start":{"line":278,"column":0},"end":{"line":278,"column":56}},"278":{"start":{"line":279,"column":0},"end":{"line":279,"column":34}},"279":{"start":{"line":280,"column":0},"end":{"line":280,"column":21}},"280":{"start":{"line":281,"column":0},"end":{"line":281,"column":56}},"281":{"start":{"line":282,"column":0},"end":{"line":282,"column":25}},"282":{"start":{"line":283,"column":0},"end":{"line":283,"column":44}},"283":{"start":{"line":284,"column":0},"end":{"line":284,"column":17}},"285":{"start":{"line":286,"column":0},"end":{"line":286,"column":65}},"286":{"start":{"line":287,"column":0},"end":{"line":287,"column":37}},"287":{"start":{"line":288,"column":0},"end":{"line":288,"column":41}},"288":{"start":{"line":289,"column":0},"end":{"line":289,"column":24}},"289":{"start":{"line":290,"column":0},"end":{"line":290,"column":46}},"290":{"start":{"line":291,"column":0},"end":{"line":291,"column":52}},"291":{"start":{"line":292,"column":0},"end":{"line":292,"column":44}},"292":{"start":{"line":293,"column":0},"end":{"line":293,"column":52}},"293":{"start":{"line":294,"column":0},"end":{"line":294,"column":29}},"294":{"start":{"line":295,"column":0},"end":{"line":295,"column":43}},"295":{"start":{"line":296,"column":0},"end":{"line":296,"column":24}},"296":{"start":{"line":297,"column":0},"end":{"line":297,"column":17}},"297":{"start":{"line":298,"column":0},"end":{"line":298,"column":20}},"298":{"start":{"line":299,"column":0},"end":{"line":299,"column":42}},"299":{"start":{"line":300,"column":0},"end":{"line":300,"column":71}},"300":{"start":{"line":301,"column":0},"end":{"line":301,"column":39}},"301":{"start":{"line":302,"column":0},"end":{"line":302,"column":47}},"302":{"start":{"line":303,"column":0},"end":{"line":303,"column":40}},"303":{"start":{"line":304,"column":0},"end":{"line":304,"column":36}},"304":{"start":{"line":305,"column":0},"end":{"line":305,"column":20}},"305":{"start":{"line":306,"column":0},"end":{"line":306,"column":13}},"306":{"start":{"line":307,"column":0},"end":{"line":307,"column":10}},"308":{"start":{"line":309,"column":0},"end":{"line":309,"column":29}},"309":{"start":{"line":310,"column":0},"end":{"line":310,"column":38}},"310":{"start":{"line":311,"column":0},"end":{"line":311,"column":55}},"311":{"start":{"line":312,"column":0},"end":{"line":312,"column":36}},"312":{"start":{"line":313,"column":0},"end":{"line":313,"column":32}},"313":{"start":{"line":314,"column":0},"end":{"line":314,"column":16}},"314":{"start":{"line":315,"column":0},"end":{"line":315,"column":10}},"316":{"start":{"line":317,"column":0},"end":{"line":317,"column":40}},"317":{"start":{"line":318,"column":0},"end":{"line":318,"column":38}},"318":{"start":{"line":319,"column":0},"end":{"line":319,"column":27}},"319":{"start":{"line":320,"column":0},"end":{"line":320,"column":7}},"320":{"start":{"line":321,"column":0},"end":{"line":321,"column":2}}},"s":{"0":1,"18":1,"20":2,"21":2,"22":2,"24":7,"25":7,"26":1,"27":1,"28":1,"29":1,"30":1,"31":1,"32":1,"33":1,"34":1,"35":1,"36":1,"37":1,"38":0,"39":0,"40":6,"41":6,"43":6,"44":6,"45":6,"46":6,"47":6,"48":6,"49":6,"50":6,"51":6,"52":6,"53":6,"55":6,"56":6,"59":6,"60":6,"61":0,"62":0,"63":0,"64":0,"65":0,"66":0,"69":6,"70":6,"71":0,"72":6,"74":6,"75":6,"76":8,"77":8,"78":8,"81":8,"82":0,"83":0,"85":8,"86":8,"87":8,"88":8,"89":8,"90":8,"91":8,"93":7,"95":8,"97":4,"98":4,"99":4,"100":4,"101":4,"102":4,"103":4,"104":4,"105":4,"107":0,"109":4,"110":4,"111":4,"112":4,"113":4,"114":4,"115":4,"116":4,"117":4,"118":4,"121":3,"122":3,"123":8,"124":3,"125":8,"126":0,"127":0,"128":0,"129":0,"130":0,"131":0,"132":0,"135":3,"137":8,"138":1,"139":1,"140":1,"141":1,"142":1,"143":1,"144":1,"145":1,"146":1,"148":2,"150":8,"151":6,"153":6,"154":6,"157":6,"158":0,"159":0,"160":0,"161":0,"162":0,"163":0,"166":6,"167":2,"168":2,"169":2,"172":6,"173":2,"174":2,"175":2,"176":2,"177":2,"179":6,"180":3,"181":3,"184":1,"185":1,"186":1,"187":1,"188":1,"189":1,"190":1,"192":0,"193":6,"194":6,"195":6,"196":6,"197":6,"198":6,"199":8,"200":6,"209":1,"210":1,"212":1,"213":1,"215":1,"216":1,"217":1,"218":1,"219":1,"221":1,"223":1,"224":1,"226":1,"227":3,"228":3,"230":2,"236":2,"237":2,"238":2,"239":3,"241":2,"242":2,"243":2,"244":2,"245":3,"246":1,"256":1,"257":1,"259":1,"260":1,"261":1,"263":1,"264":0,"265":0,"267":1,"268":1,"269":1,"270":1,"271":1,"272":1,"273":1,"274":1,"276":1,"277":1,"278":1,"279":1,"280":1,"281":1,"282":0,"283":0,"285":1,"286":1,"287":1,"288":1,"289":0,"290":0,"291":0,"292":0,"293":0,"294":0,"295":0,"296":0,"297":1,"298":0,"299":0,"300":0,"301":0,"302":0,"303":0,"304":0,"305":0,"306":1,"308":1,"309":0,"310":0,"311":0,"312":0,"313":0,"314":0,"316":1,"317":1,"318":1,"319":1,"320":1},"branchMap":{"0":{"type":"branch","line":21,"loc":{"start":{"line":21,"column":0},"end":{"line":23,"column":1}},"locations":[{"start":{"line":21,"column":0},"end":{"line":23,"column":1}}]},"1":{"type":"branch","line":22,"loc":{"start":{"line":22,"column":23},"end":{"line":22,"column":59}},"locations":[{"start":{"line":22,"column":23},"end":{"line":22,"column":59}}]},"2":{"type":"branch","line":25,"loc":{"start":{"line":25,"column":0},"end":{"line":42,"column":1}},"locations":[{"start":{"line":25,"column":0},"end":{"line":42,"column":1}}]},"3":{"type":"branch","line":26,"loc":{"start":{"line":26,"column":17},"end":{"line":26,"column":45}},"locations":[{"start":{"line":26,"column":17},"end":{"line":26,"column":45}}]},"4":{"type":"branch","line":26,"loc":{"start":{"line":26,"column":45},"end":{"line":40,"column":5}},"locations":[{"start":{"line":26,"column":45},"end":{"line":40,"column":5}}]},"5":{"type":"branch","line":38,"loc":{"start":{"line":38,"column":8},"end":{"line":40,"column":5}},"locations":[{"start":{"line":38,"column":8},"end":{"line":40,"column":5}}]},"6":{"type":"branch","line":40,"loc":{"start":{"line":40,"column":4},"end":{"line":42,"column":1}},"locations":[{"start":{"line":40,"column":4},"end":{"line":42,"column":1}}]},"7":{"type":"branch","line":44,"loc":{"start":{"line":44,"column":0},"end":{"line":201,"column":1}},"locations":[{"start":{"line":44,"column":0},"end":{"line":201,"column":1}}]},"8":{"type":"branch","line":61,"loc":{"start":{"line":61,"column":22},"end":{"line":67,"column":5}},"locations":[{"start":{"line":61,"column":22},"end":{"line":67,"column":5}}]},"9":{"type":"branch","line":71,"loc":{"start":{"line":71,"column":25},"end":{"line":72,"column":65}},"locations":[{"start":{"line":71,"column":25},"end":{"line":72,"column":65}}]},"10":{"type":"branch","line":73,"loc":{"start":{"line":73,"column":14},"end":{"line":73,"column":68}},"locations":[{"start":{"line":73,"column":14},"end":{"line":73,"column":68}}]},"11":{"type":"branch","line":76,"loc":{"start":{"line":76,"column":17},"end":{"line":200,"column":5}},"locations":[{"start":{"line":76,"column":17},"end":{"line":200,"column":5}}]},"12":{"type":"branch","line":82,"loc":{"start":{"line":82,"column":25},"end":{"line":84,"column":9}},"locations":[{"start":{"line":82,"column":25},"end":{"line":84,"column":9}}]},"13":{"type":"branch","line":92,"loc":{"start":{"line":92,"column":13},"end":{"line":96,"column":30}},"locations":[{"start":{"line":92,"column":13},"end":{"line":96,"column":30}}]},"14":{"type":"branch","line":96,"loc":{"start":{"line":96,"column":30},"end":{"line":119,"column":13}},"locations":[{"start":{"line":96,"column":30},"end":{"line":119,"column":13}}]},"15":{"type":"branch","line":106,"loc":{"start":{"line":106,"column":16},"end":{"line":108,"column":17}},"locations":[{"start":{"line":106,"column":16},"end":{"line":108,"column":17}}]},"16":{"type":"branch","line":119,"loc":{"start":{"line":119,"column":12},"end":{"line":124,"column":73}},"locations":[{"start":{"line":119,"column":12},"end":{"line":124,"column":73}}]},"17":{"type":"branch","line":124,"loc":{"start":{"line":124,"column":73},"end":{"line":126,"column":19}},"locations":[{"start":{"line":124,"column":73},"end":{"line":126,"column":19}}]},"18":{"type":"branch","line":126,"loc":{"start":{"line":126,"column":12},"end":{"line":133,"column":13}},"locations":[{"start":{"line":126,"column":12},"end":{"line":133,"column":13}}]},"19":{"type":"branch","line":133,"loc":{"start":{"line":133,"column":12},"end":{"line":138,"column":33}},"locations":[{"start":{"line":133,"column":12},"end":{"line":138,"column":33}}]},"20":{"type":"branch","line":138,"loc":{"start":{"line":138,"column":33},"end":{"line":151,"column":17}},"locations":[{"start":{"line":138,"column":33},"end":{"line":151,"column":17}}]},"21":{"type":"branch","line":138,"loc":{"start":{"line":138,"column":33},"end":{"line":147,"column":13}},"locations":[{"start":{"line":138,"column":33},"end":{"line":147,"column":13}}]},"22":{"type":"branch","line":151,"loc":{"start":{"line":151,"column":8},"end":{"line":199,"column":9}},"locations":[{"start":{"line":151,"column":8},"end":{"line":199,"column":9}}]},"23":{"type":"branch","line":155,"loc":{"start":{"line":155,"column":30},"end":{"line":155,"column":103}},"locations":[{"start":{"line":155,"column":30},"end":{"line":155,"column":103}}]},"24":{"type":"branch","line":155,"loc":{"start":{"line":155,"column":47},"end":{"line":155,"column":103}},"locations":[{"start":{"line":155,"column":47},"end":{"line":155,"column":103}}]},"25":{"type":"branch","line":158,"loc":{"start":{"line":158,"column":21},"end":{"line":158,"column":38}},"locations":[{"start":{"line":158,"column":21},"end":{"line":158,"column":38}}]},"26":{"type":"branch","line":158,"loc":{"start":{"line":158,"column":38},"end":{"line":164,"column":13}},"locations":[{"start":{"line":158,"column":38},"end":{"line":164,"column":13}}]},"27":{"type":"branch","line":167,"loc":{"start":{"line":167,"column":55},"end":{"line":170,"column":103}},"locations":[{"start":{"line":167,"column":55},"end":{"line":170,"column":103}}]},"28":{"type":"branch","line":169,"loc":{"start":{"line":169,"column":34},"end":{"line":169,"column":103}},"locations":[{"start":{"line":169,"column":34},"end":{"line":169,"column":103}}]},"29":{"type":"branch","line":173,"loc":{"start":{"line":173,"column":29},"end":{"line":178,"column":13}},"locations":[{"start":{"line":173,"column":29},"end":{"line":178,"column":13}}]},"30":{"type":"branch","line":174,"loc":{"start":{"line":174,"column":42},"end":{"line":174,"column":56}},"locations":[{"start":{"line":174,"column":42},"end":{"line":174,"column":56}}]},"31":{"type":"branch","line":175,"loc":{"start":{"line":175,"column":56},"end":{"line":175,"column":99}},"locations":[{"start":{"line":175,"column":56},"end":{"line":175,"column":99}}]},"32":{"type":"branch","line":178,"loc":{"start":{"line":178,"column":12},"end":{"line":180,"column":48}},"locations":[{"start":{"line":178,"column":12},"end":{"line":180,"column":48}}]},"33":{"type":"branch","line":180,"loc":{"start":{"line":180,"column":48},"end":{"line":182,"column":13}},"locations":[{"start":{"line":180,"column":48},"end":{"line":182,"column":13}}]},"34":{"type":"branch","line":182,"loc":{"start":{"line":182,"column":12},"end":{"line":191,"column":13}},"locations":[{"start":{"line":182,"column":12},"end":{"line":191,"column":13}}]},"35":{"type":"branch","line":191,"loc":{"start":{"line":191,"column":12},"end":{"line":194,"column":66}},"locations":[{"start":{"line":191,"column":12},"end":{"line":194,"column":66}}]},"36":{"type":"branch","line":194,"loc":{"start":{"line":194,"column":56},"end":{"line":194,"column":82}},"locations":[{"start":{"line":194,"column":56},"end":{"line":194,"column":82}}]},"37":{"type":"branch","line":79,"loc":{"start":{"line":79,"column":37},"end":{"line":79,"column":63}},"locations":[{"start":{"line":79,"column":37},"end":{"line":79,"column":63}}]},"38":{"type":"branch","line":210,"loc":{"start":{"line":210,"column":16},"end":{"line":247,"column":2}},"locations":[{"start":{"line":210,"column":16},"end":{"line":247,"column":2}}]},"39":{"type":"branch","line":222,"loc":{"start":{"line":222,"column":24},"end":{"line":222,"column":65}},"locations":[{"start":{"line":222,"column":24},"end":{"line":222,"column":65}}]},"40":{"type":"branch","line":227,"loc":{"start":{"line":227,"column":17},"end":{"line":246,"column":5}},"locations":[{"start":{"line":227,"column":17},"end":{"line":246,"column":5}}]},"41":{"type":"branch","line":229,"loc":{"start":{"line":229,"column":18},"end":{"line":229,"column":24}},"locations":[{"start":{"line":229,"column":18},"end":{"line":229,"column":24}}]},"42":{"type":"branch","line":229,"loc":{"start":{"line":229,"column":18},"end":{"line":240,"column":16}},"locations":[{"start":{"line":229,"column":18},"end":{"line":240,"column":16}}]},"43":{"type":"branch","line":240,"loc":{"start":{"line":240,"column":8},"end":{"line":240,"column":49}},"locations":[{"start":{"line":240,"column":8},"end":{"line":240,"column":49}}]},"44":{"type":"branch","line":240,"loc":{"start":{"line":240,"column":18},"end":{"line":245,"column":9}},"locations":[{"start":{"line":240,"column":18},"end":{"line":245,"column":9}}]},"45":{"type":"branch","line":257,"loc":{"start":{"line":257,"column":16},"end":{"line":321,"column":2}},"locations":[{"start":{"line":257,"column":16},"end":{"line":321,"column":2}}]},"46":{"type":"branch","line":260,"loc":{"start":{"line":260,"column":23},"end":{"line":320,"column":5}},"locations":[{"start":{"line":260,"column":23},"end":{"line":320,"column":5}}]},"47":{"type":"branch","line":264,"loc":{"start":{"line":264,"column":21},"end":{"line":266,"column":9}},"locations":[{"start":{"line":264,"column":21},"end":{"line":266,"column":9}}]},"48":{"type":"branch","line":269,"loc":{"start":{"line":269,"column":36},"end":{"line":274,"column":14}},"locations":[{"start":{"line":269,"column":36},"end":{"line":274,"column":14}}]},"49":{"type":"branch","line":277,"loc":{"start":{"line":277,"column":21},"end":{"line":307,"column":10}},"locations":[{"start":{"line":277,"column":21},"end":{"line":307,"column":10}}]},"50":{"type":"branch","line":282,"loc":{"start":{"line":282,"column":16},"end":{"line":284,"column":17}},"locations":[{"start":{"line":282,"column":16},"end":{"line":284,"column":17}}]},"51":{"type":"branch","line":289,"loc":{"start":{"line":289,"column":16},"end":{"line":297,"column":17}},"locations":[{"start":{"line":289,"column":16},"end":{"line":297,"column":17}}]},"52":{"type":"branch","line":298,"loc":{"start":{"line":298,"column":12},"end":{"line":306,"column":13}},"locations":[{"start":{"line":298,"column":12},"end":{"line":306,"column":13}}]}},"b":{"0":[2],"1":[2],"2":[7],"3":[1],"4":[1],"5":[0],"6":[6],"7":[6],"8":[0],"9":[0],"10":[5],"11":[8],"12":[0],"13":[7],"14":[4],"15":[0],"16":[3],"17":[3],"18":[0],"19":[3],"20":[2],"21":[1],"22":[6],"23":[1],"24":[0],"25":[0],"26":[0],"27":[2],"28":[0],"29":[2],"30":[0],"31":[0],"32":[4],"33":[3],"34":[1],"35":[0],"36":[0],"37":[1],"38":[1],"39":[0],"40":[3],"41":[1],"42":[2],"43":[0],"44":[2],"45":[1],"46":[1],"47":[0],"48":[1],"49":[1],"50":[0],"51":[0],"52":[0]},"fnMap":{"0":{"name":"wait","decl":{"start":{"line":21,"column":0},"end":{"line":23,"column":1}},"loc":{"start":{"line":21,"column":0},"end":{"line":23,"column":1}},"line":21},"1":{"name":"serializeBody","decl":{"start":{"line":25,"column":0},"end":{"line":42,"column":1}},"loc":{"start":{"line":25,"column":0},"end":{"line":42,"column":1}},"line":25},"2":{"name":"zFetch","decl":{"start":{"line":44,"column":0},"end":{"line":201,"column":1}},"loc":{"start":{"line":44,"column":0},"end":{"line":201,"column":1}},"line":44},"3":{"name":"zFetch.stream","decl":{"start":{"line":210,"column":16},"end":{"line":247,"column":2}},"loc":{"start":{"line":210,"column":16},"end":{"line":247,"column":2}},"line":210},"4":{"name":"zFetch.upload","decl":{"start":{"line":257,"column":16},"end":{"line":321,"column":2}},"loc":{"start":{"line":257,"column":16},"end":{"line":321,"column":2}},"line":257},"5":{"name":"xhr.upload.onprogress","decl":{"start":{"line":269,"column":36},"end":{"line":274,"column":14}},"loc":{"start":{"line":269,"column":36},"end":{"line":274,"column":14}},"line":269},"6":{"name":"xhr.onload","decl":{"start":{"line":277,"column":21},"end":{"line":307,"column":10}},"loc":{"start":{"line":277,"column":21},"end":{"line":307,"column":10}},"line":277},"7":{"name":"xhr.onerror","decl":{"start":{"line":309,"column":22},"end":{"line":315,"column":10}},"loc":{"start":{"line":309,"column":22},"end":{"line":315,"column":10}},"line":309}},"f":{"0":2,"1":7,"2":6,"3":1,"4":1,"5":1,"6":1,"7":0}}
,"/Users/jithinkr/workspace/interview/custom_npm/zod-fetch/src/error.ts": {"path":"/Users/jithinkr/workspace/interview/custom_npm/zod-fetch/src/error.ts","all":false,"statementMap":{"15":{"start":{"line":16,"column":0},"end":{"line":16,"column":42}},"16":{"start":{"line":17,"column":0},"end":{"line":17,"column":27}},"25":{"start":{"line":26,"column":0},"end":{"line":26,"column":48}},"26":{"start":{"line":27,"column":0},"end":{"line":27,"column":31}},"27":{"start":{"line":28,"column":0},"end":{"line":28,"column":37}},"28":{"start":{"line":29,"column":0},"end":{"line":29,"column":45}},"29":{"start":{"line":30,"column":0},"end":{"line":30,"column":31}},"30":{"start":{"line":31,"column":0},"end":{"line":31,"column":41}},"31":{"start":{"line":32,"column":0},"end":{"line":32,"column":37}},"32":{"start":{"line":33,"column":0},"end":{"line":33,"column":33}},"33":{"start":{"line":34,"column":0},"end":{"line":34,"column":35}},"34":{"start":{"line":35,"column":0},"end":{"line":35,"column":5}},"35":{"start":{"line":36,"column":0},"end":{"line":36,"column":1}}},"s":{"15":1,"16":1,"25":1,"26":6,"27":6,"28":6,"29":6,"30":6,"31":6,"32":6,"33":6,"34":6,"35":1},"branchMap":{"0":{"type":"branch","line":26,"loc":{"start":{"line":26,"column":4},"end":{"line":35,"column":5}},"locations":[{"start":{"line":26,"column":4},"end":{"line":35,"column":5}}]}},"b":{"0":[6]},"fnMap":{"0":{"name":"ZodFetchError","decl":{"start":{"line":26,"column":4},"end":{"line":35,"column":5}},"loc":{"start":{"line":26,"column":4},"end":{"line":35,"column":5}},"line":26}},"f":{"0":6}}
,"/Users/jithinkr/workspace/interview/custom_npm/zod-fetch/src/index.ts": {"path":"/Users/jithinkr/workspace/interview/custom_npm/zod-fetch/src/index.ts","all":false,"statementMap":{"0":{"start":{"line":1,"column":0},"end":{"line":1,"column":23}},"1":{"start":{"line":2,"column":0},"end":{"line":2,"column":24}},"2":{"start":{"line":3,"column":0},"end":{"line":3,"column":25}}},"s":{"0":1,"1":1,"2":1},"branchMap":{},"b":{},"fnMap":{},"f":{}}
}
